# JRE version: Java(TM) SE Runtime Environment (8.0_202-b08) (build 1.8.0_202-b08)
# Java VM: Java HotSpot(TM) 64-Bit Server VM (25.202-b08 mixed mode windows-amd64 compressed oops)
Heap:
 PSYoungGen      total 185856K, used 166785K [0x00000000dae00000, 0x00000000eae00000, 0x0000000100000000)
  eden space 184320K, 89% used [0x00000000dae00000,0x00000000e4f88418,0x00000000e6200000)
  from space 1536K, 89% used [0x00000000eac80000,0x00000000eadd8040,0x00000000eae00000)
  to   space 12288K, 0% used [0x00000000e9600000,0x00000000e9600000,0x00000000ea200000)
 ParOldGen       total 116224K, used 32374K [0x0000000090a00000, 0x0000000097b80000, 0x00000000dae00000)
  object space 116224K, 27% used [0x0000000090a00000,0x000000009299d8e8,0x0000000097b80000)
 Metaspace       used 63549K, capacity 66300K, committed 66432K, reserved 1107968K
  class space    used 7210K, capacity 7694K, committed 7808K, reserved 1048576K
GC Heap History (10 events):
Event: 1141.941 GC heap before
{Heap before GC invocations=29 (full 3):
 PSYoungGen      total 224768K, used 224446K [0x00000000dae00000, 0x00000000ed000000, 0x0000000100000000)
  eden space 220160K, 100% used [0x00000000dae00000,0x00000000e8500000,0x00000000e8500000)
  from space 4608K, 93% used [0x00000000eb980000,0x00000000ebdafa00,0x00000000ebe00000)
  to   space 13312K, 0% used [0x00000000ec300000,0x00000000ec300000,0x00000000ed000000)
 ParOldGen       total 116224K, used 28320K [0x0000000090a00000, 0x0000000097b80000, 0x00000000dae00000)
  object space 116224K, 24% used [0x0000000090a00000,0x00000000925a81e0,0x0000000097b80000)
 Metaspace       used 63036K, capacity 65738K, committed 65792K, reserved 1107968K
  class space    used 7196K, capacity 7674K, committed 7680K, reserved 1048576K
Event: 1141.947 GC heap after
Heap after GC invocations=29 (full 3):
 PSYoungGen      total 218624K, used 5699K [0x00000000dae00000, 0x00000000ec900000, 0x0000000100000000)
  eden space 212480K, 0% used [0x00000000dae00000,0x00000000dae00000,0x00000000e7d80000)
  from space 6144K, 92% used [0x00000000ec300000,0x00000000ec890f18,0x00000000ec900000)
  to   space 12800K, 0% used [0x00000000eb000000,0x00000000eb000000,0x00000000ebc80000)
 ParOldGen       total 116224K, used 28328K [0x0000000090a00000, 0x0000000097b80000, 0x00000000dae00000)
  object space 116224K, 24% used [0x0000000090a00000,0x00000000925aa1e0,0x0000000097b80000)
 Metaspace       used 63036K, capacity 65738K, committed 65792K, reserved 1107968K
  class space    used 7196K, capacity 7674K, committed 7680K, reserved 1048576K
}
Event: 1196.798 GC heap before
{Heap before GC invocations=30 (full 3):
 PSYoungGen      total 218624K, used 218179K [0x00000000dae00000, 0x00000000ec900000, 0x0000000100000000)
  eden space 212480K, 100% used [0x00000000dae00000,0x00000000e7d80000,0x00000000e7d80000)
  from space 6144K, 92% used [0x00000000ec300000,0x00000000ec890f18,0x00000000ec900000)
  to   space 12800K, 0% used [0x00000000eb000000,0x00000000eb000000,0x00000000ebc80000)
 ParOldGen       total 116224K, used 28328K [0x0000000090a00000, 0x0000000097b80000, 0x00000000dae00000)
  object space 116224K, 24% used [0x0000000090a00000,0x00000000925aa1e0,0x0000000097b80000)
 Metaspace       used 63485K, capacity 66212K, committed 66432K, reserved 1107968K
  class space    used 7207K, capacity 7690K, committed 7808K, reserved 1048576K
Event: 1196.805 GC heap after
Heap after GC invocations=30 (full 3):
 PSYoungGen      total 210944K, used 5901K [0x00000000dae00000, 0x00000000ec380000, 0x0000000100000000)
  eden space 204800K, 0% used [0x00000000dae00000,0x00000000dae00000,0x00000000e7600000)
  from space 6144K, 96% used [0x00000000eb000000,0x00000000eb5c35c8,0x00000000eb600000)
  to   space 11776K, 0% used [0x00000000eb800000,0x00000000eb800000,0x00000000ec380000)
 ParOldGen       total 116224K, used 28336K [0x0000000090a00000, 0x0000000097b80000, 0x00000000dae00000)
  object space 116224K, 24% used [0x0000000090a00000,0x00000000925ac1e0,0x0000000097b80000)
 Metaspace       used 63485K, capacity 66212K, committed 66432K, reserved 1107968K
  class space    used 7207K, capacity 7690K, committed 7808K, reserved 1048576K
}
Event: 1261.869 GC heap before
{Heap before GC invocations=31 (full 3):
 PSYoungGen      total 210944K, used 210701K [0x00000000dae00000, 0x00000000ec380000, 0x0000000100000000)
  eden space 204800K, 100% used [0x00000000dae00000,0x00000000e7600000,0x00000000e7600000)
  from space 6144K, 96% used [0x00000000eb000000,0x00000000eb5c35c8,0x00000000eb600000)
  to   space 11776K, 0% used [0x00000000eb800000,0x00000000eb800000,0x00000000ec380000)
 ParOldGen       total 116224K, used 28336K [0x0000000090a00000, 0x0000000097b80000, 0x00000000dae00000)
  object space 116224K, 24% used [0x0000000090a00000,0x00000000925ac1e0,0x0000000097b80000)
 Metaspace       used 63485K, capacity 66212K, committed 66432K, reserved 1107968K
  class space    used 7207K, capacity 7690K, committed 7808K, reserved 1048576K
Event: 1261.878 GC heap after
Heap after GC invocations=31 (full 3):
 PSYoungGen      total 199168K, used 1312K [0x00000000dae00000, 0x00000000eb980000, 0x0000000100000000)
  eden space 197632K, 0% used [0x00000000dae00000,0x00000000dae00000,0x00000000e6f00000)
  from space 1536K, 85% used [0x00000000eb800000,0x00000000eb948040,0x00000000eb980000)
  to   space 12288K, 0% used [0x00000000ea180000,0x00000000ea180000,0x00000000ead80000)
 ParOldGen       total 116224K, used 31796K [0x0000000090a00000, 0x0000000097b80000, 0x00000000dae00000)
  object space 116224K, 27% used [0x0000000090a00000,0x000000009290d310,0x0000000097b80000)
 Metaspace       used 63485K, capacity 66212K, committed 66432K, reserved 1107968K
  class space    used 7207K, capacity 7690K, committed 7808K, reserved 1048576K
}
Event: 1325.242 GC heap before
{Heap before GC invocations=32 (full 3):
 PSYoungGen      total 199168K, used 198944K [0x00000000dae00000, 0x00000000eb980000, 0x0000000100000000)
  eden space 197632K, 100% used [0x00000000dae00000,0x00000000e6f00000,0x00000000e6f00000)
  from space 1536K, 85% used [0x00000000eb800000,0x00000000eb948040,0x00000000eb980000)
  to   space 12288K, 0% used [0x00000000ea180000,0x00000000ea180000,0x00000000ead80000)
 ParOldGen       total 116224K, used 31796K [0x0000000090a00000, 0x0000000097b80000, 0x00000000dae00000)
  object space 116224K, 27% used [0x0000000090a00000,0x000000009290d310,0x0000000097b80000)
 Metaspace       used 63487K, capacity 66212K, committed 66432K, reserved 1107968K
  class space    used 7207K, capacity 7690K, committed 7808K, reserved 1048576K
Event: 1325.246 GC heap after
Heap after GC invocations=32 (full 3):
 PSYoungGen      total 192512K, used 1344K [0x00000000dae00000, 0x00000000eb880000, 0x0000000100000000)
  eden space 190976K, 0% used [0x00000000dae00000,0x00000000dae00000,0x00000000e6880000)
  from space 1536K, 87% used [0x00000000ea180000,0x00000000ea2d0020,0x00000000ea300000)
  to   space 12288K, 0% used [0x00000000eac80000,0x00000000eac80000,0x00000000eb880000)
 ParOldGen       total 116224K, used 32366K [0x0000000090a00000, 0x0000000097b80000, 0x00000000dae00000)
  object space 116224K, 27% used [0x0000000090a00000,0x000000009299b8e8,0x0000000097b80000)
 Metaspace       used 63487K, capacity 66212K, committed 66432K, reserved 1107968K
  class space    used 7207K, capacity 7690K, committed 7808K, reserved 1048576K
}
Event: 1385.887 GC heap before
{Heap before GC invocations=33 (full 3):
 PSYoungGen      total 192512K, used 192320K [0x00000000dae00000, 0x00000000eb880000, 0x0000000100000000)
  eden space 190976K, 100% used [0x00000000dae00000,0x00000000e6880000,0x00000000e6880000)
  from space 1536K, 87% used [0x00000000ea180000,0x00000000ea2d0020,0x00000000ea300000)
  to   space 12288K, 0% used [0x00000000eac80000,0x00000000eac80000,0x00000000eb880000)
 ParOldGen       total 116224K, used 32366K [0x0000000090a00000, 0x0000000097b80000, 0x00000000dae00000)
  object space 116224K, 27% used [0x0000000090a00000,0x000000009299b8e8,0x0000000097b80000)
 Metaspace       used 63487K, capacity 66212K, committed 66432K, reserved 1107968K
  class space    used 7207K, capacity 7690K, committed 7808K, reserved 1048576K
Event: 1385.892 GC heap after
Heap after GC invocations=33 (full 3):
 PSYoungGen      total 185856K, used 1376K [0x00000000dae00000, 0x00000000eae00000, 0x0000000100000000)
  eden space 184320K, 0% used [0x00000000dae00000,0x00000000dae00000,0x00000000e6200000)
  from space 1536K, 89% used [0x00000000eac80000,0x00000000eadd8040,0x00000000eae00000)
  to   space 12288K, 0% used [0x00000000e9600000,0x00000000e9600000,0x00000000ea200000)
 ParOldGen       total 116224K, used 32374K [0x0000000090a00000, 0x0000000097b80000, 0x00000000dae00000)
  object space 116224K, 27% used [0x0000000090a00000,0x000000009299d8e8,0x0000000097b80000)
 Metaspace       used 63487K, capacity 66212K, committed 66432K, reserved 1107968K
  class space    used 7207K, capacity 7690K, committed 7808K, reserved 1048576K
}

