# JRE version: Java(TM) SE Runtime Environment (8.0_202-b08) (build 1.8.0_202-b08)
# Java VM: Java HotSpot(TM) 64-Bit Server VM (25.202-b08 mixed mode windows-amd64 compressed oops)
Heap:
 PSYoungGen      total 252416K, used 132685K [0x00000000dae00000, 0x00000000ec680000, 0x0000000100000000)
  eden space 248320K, 51% used [0x00000000dae00000,0x00000000e2be1de8,0x00000000ea080000)
  from space 4096K, 92% used [0x00000000eaa00000,0x00000000eadb17a0,0x00000000eae00000)
  to   space 19456K, 0% used [0x00000000eb380000,0x00000000eb380000,0x00000000ec680000)
 ParOldGen       total 120320K, used 34532K [0x0000000090a00000, 0x0000000097f80000, 0x00000000dae00000)
  object space 120320K, 28% used [0x0000000090a00000,0x0000000092bb9108,0x0000000097f80000)
 Metaspace       used 62690K, capacity 65340K, committed 65496K, reserved 1107968K
  class space    used 7158K, capacity 7586K, committed 7680K, reserved 1048576K
GC Heap History (10 events):
Event: 23.246 GC heap before
{Heap before GC invocations=14 (full 3):
 PSYoungGen      total 204800K, used 14837K [0x00000000dae00000, 0x00000000eb480000, 0x0000000100000000)
  eden space 189952K, 0% used [0x00000000dae00000,0x00000000dae00000,0x00000000e6780000)
  from space 14848K, 99% used [0x00000000e6780000,0x00000000e75fd450,0x00000000e7600000)
  to   space 19968K, 0% used [0x00000000ea100000,0x00000000ea100000,0x00000000eb480000)
 ParOldGen       total 77312K, used 24778K [0x0000000090a00000, 0x0000000095580000, 0x00000000dae00000)
  object space 77312K, 32% used [0x0000000090a00000,0x00000000922329c8,0x0000000095580000)
 Metaspace       used 56675K, capacity 58850K, committed 59096K, reserved 1101824K
  class space    used 6775K, capacity 7153K, committed 7168K, reserved 1048576K
Event: 23.427 GC heap after
Heap after GC invocations=14 (full 3):
 PSYoungGen      total 204800K, used 0K [0x00000000dae00000, 0x00000000eb480000, 0x0000000100000000)
  eden space 189952K, 0% used [0x00000000dae00000,0x00000000dae00000,0x00000000e6780000)
  from space 14848K, 0% used [0x00000000e6780000,0x00000000e6780000,0x00000000e7600000)
  to   space 19968K, 0% used [0x00000000ea100000,0x00000000ea100000,0x00000000eb480000)
 ParOldGen       total 120320K, used 34508K [0x0000000090a00000, 0x0000000097f80000, 0x00000000dae00000)
  object space 120320K, 28% used [0x0000000090a00000,0x0000000092bb3108,0x0000000097f80000)
 Metaspace       used 56664K, capacity 58832K, committed 59096K, reserved 1101824K
  class space    used 6773K, capacity 7150K, committed 7168K, reserved 1048576K
}
Event: 47.029 GC heap before
{Heap before GC invocations=15 (full 3):
 PSYoungGen      total 204800K, used 189952K [0x00000000dae00000, 0x00000000eb480000, 0x0000000100000000)
  eden space 189952K, 100% used [0x00000000dae00000,0x00000000e6780000,0x00000000e6780000)
  from space 14848K, 0% used [0x00000000e6780000,0x00000000e6780000,0x00000000e7600000)
  to   space 19968K, 0% used [0x00000000ea100000,0x00000000ea100000,0x00000000eb480000)
 ParOldGen       total 120320K, used 34508K [0x0000000090a00000, 0x0000000097f80000, 0x00000000dae00000)
  object space 120320K, 28% used [0x0000000090a00000,0x0000000092bb3108,0x0000000097f80000)
 Metaspace       used 61742K, capacity 64228K, committed 64472K, reserved 1105920K
  class space    used 7144K, capacity 7569K, committed 7680K, reserved 1048576K
Event: 47.036 GC heap after
Heap after GC invocations=15 (full 3):
 PSYoungGen      total 245760K, used 6589K [0x00000000dae00000, 0x00000000eb280000, 0x0000000100000000)
  eden space 227840K, 0% used [0x00000000dae00000,0x00000000dae00000,0x00000000e8c80000)
  from space 17920K, 36% used [0x00000000ea100000,0x00000000ea76f7f8,0x00000000eb280000)
  to   space 19456K, 0% used [0x00000000e8c80000,0x00000000e8c80000,0x00000000e9f80000)
 ParOldGen       total 120320K, used 34516K [0x0000000090a00000, 0x0000000097f80000, 0x00000000dae00000)
  object space 120320K, 28% used [0x0000000090a00000,0x0000000092bb5108,0x0000000097f80000)
 Metaspace       used 61742K, capacity 64228K, committed 64472K, reserved 1105920K
  class space    used 7144K, capacity 7569K, committed 7680K, reserved 1048576K
}
Event: 106.950 GC heap before
{Heap before GC invocations=16 (full 3):
 PSYoungGen      total 245760K, used 234429K [0x00000000dae00000, 0x00000000eb280000, 0x0000000100000000)
  eden space 227840K, 100% used [0x00000000dae00000,0x00000000e8c80000,0x00000000e8c80000)
  from space 17920K, 36% used [0x00000000ea100000,0x00000000ea76f7f8,0x00000000eb280000)
  to   space 19456K, 0% used [0x00000000e8c80000,0x00000000e8c80000,0x00000000e9f80000)
 ParOldGen       total 120320K, used 34516K [0x0000000090a00000, 0x0000000097f80000, 0x00000000dae00000)
  object space 120320K, 28% used [0x0000000090a00000,0x0000000092bb5108,0x0000000097f80000)
 Metaspace       used 62166K, capacity 64676K, committed 64984K, reserved 1105920K
  class space    used 7153K, capacity 7580K, committed 7680K, reserved 1048576K
Event: 106.956 GC heap after
Heap after GC invocations=16 (full 3):
 PSYoungGen      total 247296K, used 4365K [0x00000000dae00000, 0x00000000ed700000, 0x0000000100000000)
  eden space 227840K, 0% used [0x00000000dae00000,0x00000000dae00000,0x00000000e8c80000)
  from space 19456K, 22% used [0x00000000e8c80000,0x00000000e90c3668,0x00000000e9f80000)
  to   space 19456K, 0% used [0x00000000ec400000,0x00000000ec400000,0x00000000ed700000)
 ParOldGen       total 120320K, used 34524K [0x0000000090a00000, 0x0000000097f80000, 0x00000000dae00000)
  object space 120320K, 28% used [0x0000000090a00000,0x0000000092bb7108,0x0000000097f80000)
 Metaspace       used 62166K, capacity 64676K, committed 64984K, reserved 1105920K
  class space    used 7153K, capacity 7580K, committed 7680K, reserved 1048576K
}
Event: 179.448 GC heap before
{Heap before GC invocations=17 (full 3):
 PSYoungGen      total 247296K, used 232205K [0x00000000dae00000, 0x00000000ed700000, 0x0000000100000000)
  eden space 227840K, 100% used [0x00000000dae00000,0x00000000e8c80000,0x00000000e8c80000)
  from space 19456K, 22% used [0x00000000e8c80000,0x00000000e90c3668,0x00000000e9f80000)
  to   space 19456K, 0% used [0x00000000ec400000,0x00000000ec400000,0x00000000ed700000)
 ParOldGen       total 120320K, used 34524K [0x0000000090a00000, 0x0000000097f80000, 0x00000000dae00000)
  object space 120320K, 28% used [0x0000000090a00000,0x0000000092bb7108,0x0000000097f80000)
 Metaspace       used 62238K, capacity 64740K, committed 64984K, reserved 1105920K
  class space    used 7153K, capacity 7580K, committed 7680K, reserved 1048576K
Event: 179.453 GC heap after
Heap after GC invocations=17 (full 3):
 PSYoungGen      total 270336K, used 4308K [0x00000000dae00000, 0x00000000ed000000, 0x0000000100000000)
  eden space 258048K, 0% used [0x00000000dae00000,0x00000000dae00000,0x00000000eaa00000)
  from space 12288K, 35% used [0x00000000ec400000,0x00000000ec835330,0x00000000ed000000)
  to   space 19456K, 0% used [0x00000000eaa00000,0x00000000eaa00000,0x00000000ebd00000)
 ParOldGen       total 120320K, used 34532K [0x0000000090a00000, 0x0000000097f80000, 0x00000000dae00000)
  object space 120320K, 28% used [0x0000000090a00000,0x0000000092bb9108,0x0000000097f80000)
 Metaspace       used 62238K, capacity 64740K, committed 64984K, reserved 1105920K
  class space    used 7153K, capacity 7580K, committed 7680K, reserved 1048576K
}
Event: 272.264 GC heap before
{Heap before GC invocations=18 (full 3):
 PSYoungGen      total 270336K, used 262356K [0x00000000dae00000, 0x00000000ed000000, 0x0000000100000000)
  eden space 258048K, 100% used [0x00000000dae00000,0x00000000eaa00000,0x00000000eaa00000)
  from space 12288K, 35% used [0x00000000ec400000,0x00000000ec835330,0x00000000ed000000)
  to   space 19456K, 0% used [0x00000000eaa00000,0x00000000eaa00000,0x00000000ebd00000)
 ParOldGen       total 120320K, used 34532K [0x0000000090a00000, 0x0000000097f80000, 0x00000000dae00000)
  object space 120320K, 28% used [0x0000000090a00000,0x0000000092bb9108,0x0000000097f80000)
 Metaspace       used 62251K, capacity 64804K, committed 64984K, reserved 1105920K
  class space    used 7153K, capacity 7580K, committed 7680K, reserved 1048576K
Event: 272.269 GC heap after
Heap after GC invocations=18 (full 3):
 PSYoungGen      total 252416K, used 3781K [0x00000000dae00000, 0x00000000ec680000, 0x0000000100000000)
  eden space 248320K, 0% used [0x00000000dae00000,0x00000000dae00000,0x00000000ea080000)
  from space 4096K, 92% used [0x00000000eaa00000,0x00000000eadb17a0,0x00000000eae00000)
  to   space 19456K, 0% used [0x00000000eb380000,0x00000000eb380000,0x00000000ec680000)
 ParOldGen       total 120320K, used 34532K [0x0000000090a00000, 0x0000000097f80000, 0x00000000dae00000)
  object space 120320K, 28% used [0x0000000090a00000,0x0000000092bb9108,0x0000000097f80000)
 Metaspace       used 62251K, capacity 64804K, committed 64984K, reserved 1105920K
  class space    used 7153K, capacity 7580K, committed 7680K, reserved 1048576K
}

