# JRE version: Java(TM) SE Runtime Environment (8.0_202-b08) (build 1.8.0_202-b08)
# Java VM: Java HotSpot(TM) 64-Bit Server VM (25.202-b08 mixed mode windows-amd64 compressed oops)
Heap:
 PSYoungGen      total 33280K, used 17181K [0x00000000dae00000, 0x00000000def00000, 0x0000000100000000)
  eden space 28672K, 43% used [0x00000000dae00000,0x00000000dba4b3f0,0x00000000dca00000)
  from space 4608K, 99% used [0x00000000dca00000,0x00000000dce7c0a8,0x00000000dce80000)
  to   space 4608K, 0% used [0x00000000dea80000,0x00000000dea80000,0x00000000def00000)
 ParOldGen       total 76800K, used 5993K [0x0000000090a00000, 0x0000000095500000, 0x00000000dae00000)
  object space 76800K, 7% used [0x0000000090a00000,0x0000000090fda458,0x0000000095500000)
 Metaspace       used 16575K, capacity 16948K, committed 17152K, reserved 1064960K
  class space    used 2124K, capacity 2282K, committed 2304K, reserved 1048576K
GC Heap History (6 events):
Event: 0.994 GC heap before
{Heap before GC invocations=1 (full 0):
 PSYoungGen      total 33280K, used 28672K [0x00000000dae00000, 0x00000000dd300000, 0x0000000100000000)
  eden space 28672K, 100% used [0x00000000dae00000,0x00000000dca00000,0x00000000dca00000)
  from space 4608K, 0% used [0x00000000dce80000,0x00000000dce80000,0x00000000dd300000)
  to   space 4608K, 0% used [0x00000000dca00000,0x00000000dca00000,0x00000000dce80000)
 ParOldGen       total 76800K, used 0K [0x0000000090a00000, 0x0000000095500000, 0x00000000dae00000)
  object space 76800K, 0% used [0x0000000090a00000,0x0000000090a00000,0x0000000095500000)
 Metaspace       used 9920K, capacity 10244K, committed 10368K, reserved 1058816K
  class space    used 1234K, capacity 1376K, committed 1408K, reserved 1048576K
Event: 1.000 GC heap after
Heap after GC invocations=1 (full 0):
 PSYoungGen      total 33280K, used 4584K [0x00000000dae00000, 0x00000000dd300000, 0x0000000100000000)
  eden space 28672K, 0% used [0x00000000dae00000,0x00000000dae00000,0x00000000dca00000)
  from space 4608K, 99% used [0x00000000dca00000,0x00000000dce7a0b8,0x00000000dce80000)
  to   space 4608K, 0% used [0x00000000dce80000,0x00000000dce80000,0x00000000dd300000)
 ParOldGen       total 76800K, used 1337K [0x0000000090a00000, 0x0000000095500000, 0x00000000dae00000)
  object space 76800K, 1% used [0x0000000090a00000,0x0000000090b4e508,0x0000000095500000)
 Metaspace       used 9920K, capacity 10244K, committed 10368K, reserved 1058816K
  class space    used 1234K, capacity 1376K, committed 1408K, reserved 1048576K
}
Event: 1.325 GC heap before
{Heap before GC invocations=2 (full 0):
 PSYoungGen      total 33280K, used 33256K [0x00000000dae00000, 0x00000000dd300000, 0x0000000100000000)
  eden space 28672K, 100% used [0x00000000dae00000,0x00000000dca00000,0x00000000dca00000)
  from space 4608K, 99% used [0x00000000dca00000,0x00000000dce7a0b8,0x00000000dce80000)
  to   space 4608K, 0% used [0x00000000dce80000,0x00000000dce80000,0x00000000dd300000)
 ParOldGen       total 76800K, used 1337K [0x0000000090a00000, 0x0000000095500000, 0x00000000dae00000)
  object space 76800K, 1% used [0x0000000090a00000,0x0000000090b4e508,0x0000000095500000)
 Metaspace       used 11533K, capacity 11852K, committed 12160K, reserved 1060864K
  class space    used 1433K, capacity 1540K, committed 1664K, reserved 1048576K
Event: 1.331 GC heap after
Heap after GC invocations=2 (full 0):
 PSYoungGen      total 33280K, used 4594K [0x00000000dae00000, 0x00000000def00000, 0x0000000100000000)
  eden space 28672K, 0% used [0x00000000dae00000,0x00000000dae00000,0x00000000dca00000)
  from space 4608K, 99% used [0x00000000dce80000,0x00000000dd2fc918,0x00000000dd300000)
  to   space 4608K, 0% used [0x00000000dca00000,0x00000000dca00000,0x00000000dce80000)
 ParOldGen       total 76800K, used 2836K [0x0000000090a00000, 0x0000000095500000, 0x00000000dae00000)
  object space 76800K, 3% used [0x0000000090a00000,0x0000000090cc53a8,0x0000000095500000)
 Metaspace       used 11533K, capacity 11852K, committed 12160K, reserved 1060864K
  class space    used 1433K, capacity 1540K, committed 1664K, reserved 1048576K
}
Event: 1.774 GC heap before
{Heap before GC invocations=3 (full 0):
 PSYoungGen      total 33280K, used 33266K [0x00000000dae00000, 0x00000000def00000, 0x0000000100000000)
  eden space 28672K, 100% used [0x00000000dae00000,0x00000000dca00000,0x00000000dca00000)
  from space 4608K, 99% used [0x00000000dce80000,0x00000000dd2fc918,0x00000000dd300000)
  to   space 4608K, 0% used [0x00000000dca00000,0x00000000dca00000,0x00000000dce80000)
 ParOldGen       total 76800K, used 2836K [0x0000000090a00000, 0x0000000095500000, 0x00000000dae00000)
  object space 76800K, 3% used [0x0000000090a00000,0x0000000090cc53a8,0x0000000095500000)
 Metaspace       used 15095K, capacity 15500K, committed 15744K, reserved 1062912K
  class space    used 1897K, capacity 2082K, committed 2176K, reserved 1048576K
Event: 1.781 GC heap after
Heap after GC invocations=3 (full 0):
 PSYoungGen      total 33280K, used 4592K [0x00000000dae00000, 0x00000000def00000, 0x0000000100000000)
  eden space 28672K, 0% used [0x00000000dae00000,0x00000000dae00000,0x00000000dca00000)
  from space 4608K, 99% used [0x00000000dca00000,0x00000000dce7c0a8,0x00000000dce80000)
  to   space 4608K, 0% used [0x00000000dea80000,0x00000000dea80000,0x00000000def00000)
 ParOldGen       total 76800K, used 5993K [0x0000000090a00000, 0x0000000095500000, 0x00000000dae00000)
  object space 76800K, 7% used [0x0000000090a00000,0x0000000090fda458,0x0000000095500000)
 Metaspace       used 15095K, capacity 15500K, committed 15744K, reserved 1062912K
  class space    used 1897K, capacity 2082K, committed 2176K, reserved 1048576K
}

